[2025-11-29 20:53:16] Почтовая система инициализирована
[2025-11-29 20:53:16] Добавлено почтовое отделение ID: 1, вместимость: 5
[2025-11-29 20:53:16] Добавлено почтовое отделение ID: 2, вместимость: 5
[2025-11-29 20:53:16] Добавлено почтовое отделение ID: 3, вместимость: 5
[2025-11-29 20:53:16] Добавлено почтовое отделение ID: 4, вместимость: 5
[2025-11-29 20:53:16] Добавлено почтовое отделение ID: 5, вместимость: 5
[2025-11-29 20:53:16] Добавлено почтовое отделение ID: 6, вместимость: 5
[2025-11-29 20:53:16] Добавлено письмо ID: 1, тип: 0, приоритет: 1, из: 1, в: 6
[2025-11-29 20:53:16] Добавлено письмо ID: 2, тип: 1, приоритет: 5, из: 2, в: 5
[2025-11-29 20:53:16] Добавлено письмо ID: 3, тип: 2, приоритет: 3, из: 3, в: 4
[2025-11-29 20:53:16] Добавлено письмо ID: 4, тип: 0, приоритет: 2, из: 1, в: 3
[2025-11-29 20:53:39] Удалено почтовое отделение ID: 6
[2025-11-29 20:54:01] Добавлено письмо ID: 5, тип: 1, приоритет: 23, из: 1, в: 2
[2025-11-29 20:54:51] Запуск симуляции доставки почты
[2025-11-29 20:54:51] Письмо ID: 3 переслано из отделения 3 в отделение 1
[2025-11-29 20:54:51] Письмо ID: 2 переслано из отделения 2 в отделение 1
[2025-11-29 20:54:51] Письмо ID: 1 переслано из отделения 1 в отделение 2
[2025-11-29 20:54:51] Запуск симуляции доставки почты
[2025-11-29 20:54:51] Письмо ID: 1 переслано из отделения 2 в отделение 1
[2025-11-29 20:54:51] Письмо ID: 1 переслано из отделения 1 в отделение 2
[2025-11-29 20:54:52] Запуск симуляции доставки почты
[2025-11-29 20:54:52] Письмо ID: 1 переслано из отделения 2 в отделение 1
[2025-11-29 20:54:52] Письмо ID: 1 переслано из отделения 1 в отделение 2
Список писем экспортирован в файл: output_letters.txt
[2025-11-29 20:55:20] Завершение работы почтовой системы
